<?xml version="1.0" encoding="UTF-8"?>
<!-- Generated by org.testng.reporters.JUnitXMLReporter -->
<testsuite ignored="0" hostname="PRATHAMESH" failures="0" tests="3" name="ChromeTest" time="26.41" errors="0" timestamp="2023-11-27T11:59:47 IST">
  <testcase classname="testClass.VerifyUSerCanLogin" name="@AfterMethod afterMethod" time="0.015">
    <failure type="java.lang.NullPointerException">
      <![CDATA[java.lang.NullPointerException
at testClass.VerifyUSerCanLogin.afterMethod(VerifyUSerCanLogin.java:72)
at java.base/java.util.ArrayList.forEach(ArrayList.java:1541)
at java.base/java.util.concurrent.FutureTask.run(FutureTask.java:264)
at java.base/java.util.concurrent.ThreadPoolExecutor.runWorker(ThreadPoolExecutor.java:1128)
at java.base/java.util.concurrent.ThreadPoolExecutor$Worker.run(ThreadPoolExecutor.java:628)
at java.base/java.lang.Thread.run(Thread.java:834)
... Removed 22 stack frames]]>
    </failure>
  </testcase> <!-- @AfterMethod afterMethod -->
  <testcase classname="testClass.VerifyUSerCanLogin" name="@BeforeMethod beforeMethod" time="0.0">
    <skipped/>
  </testcase> <!-- @BeforeMethod beforeMethod -->
  <testcase classname="testClass.VerifyUSerCanLogin" name="@AfterMethod afterMethod" time="0.0">
    <skipped/>
  </testcase> <!-- @AfterMethod afterMethod -->
  <testcase classname="testClass.VerifyUSerCanLogin" name="@BeforeMethod beforeMethod" time="0.0">
    <skipped/>
  </testcase> <!-- @BeforeMethod beforeMethod -->
  <testcase classname="testClass.VerifyUSerCanLogin" name="@AfterMethod afterMethod" time="0.0">
    <skipped/>
  </testcase> <!-- @AfterMethod afterMethod -->
  <testcase classname="testClass.VerifyUSerCanLogin" name="@AfterClass afterClass" time="0.0">
    <skipped/>
  </testcase> <!-- @AfterClass afterClass -->
  <testcase classname="testClass.VerifyUSerCanLogin" name="VerifyUserCanLogin" time="3.329"/>
  <testcase classname="testClass.VerifyUSerCanLogin" name="myTest" time="0.0">
    <skipped/>
  </testcase> <!-- myTest -->
  <testcase classname="testClass.VerifyUSerCanLogin" name="myTest" time="0.002">
    <skipped/>
  </testcase> <!-- myTest -->
</testsuite> <!-- ChromeTest -->
