<?xml version="1.0" encoding="UTF-8"?>
<!-- Generated by org.testng.reporters.JUnitXMLReporter -->
<testsuite ignored="0" hostname="PRATHAMESH" failures="0" tests="3" name="FirefoxTest" time="38.059" errors="0" timestamp="2023-11-27T11:59:59 IST">
  <testcase classname="testClass.VerifyUSerCanLogin" name="VerifyUserCanLogin" time="3.749"/>
  <testcase classname="testClass.VerifyUSerCanLogin" name="myTest" time="0.0">
    <skipped/>
  </testcase> <!-- myTest -->
  <testcase classname="testClass.VerifyUSerCanLogin" name="myTest" time="0.0">
    <skipped/>
  </testcase> <!-- myTest -->
</testsuite> <!-- FirefoxTest -->
